<?xml version="1.0" encoding="UTF-8"?>
<!-- Generated by org.testng.reporters.JUnitXMLReporter -->
<testsuite hostname="ADMINIB-U0RGV7D" ignored="2" name="Browser" tests="1" failures="1" timestamp="11 May 2017 16:06:25 GMT" time="0.008" errors="0">
  <testcase name="getCurrentURL" time="0.002" classname="webDriverQuestion.Question_5_CrossBrowserTesting">
    <failure type="java.lang.NullPointerException">
      <![CDATA[java.lang.NullPointerException
	at webDriverQuestion.Question_5_CrossBrowserTesting.getCurrentURL(Question_5_CrossBrowserTesting.java:30)
... Removed 25 stack frames]]>
    </failure>
  </testcase> <!-- getCurrentURL -->
  <testcase name="getTitle" time="0.0" classname="webDriverQuestion.Question_5_CrossBrowserTesting">
    <ignored/>
  </testcase> <!-- getTitle -->
  <testcase name="getWindowName" time="0.0" classname="webDriverQuestion.Question_5_CrossBrowserTesting">
    <ignored/>
  </testcase> <!-- getWindowName -->
</testsuite> <!-- Browser -->
