<?xml version="1.0" encoding="UTF-8"?>
<!-- Generated by org.testng.reporters.JUnitXMLReporter -->
<testsuite hostname="ADMINIB-U0RGV7D" ignored="1" name="ChromeTest" tests="2" failures="0" timestamp="11 May 2017 16:06:21 GMT" time="6.295" errors="0">
  <testcase name="getTitle" time="5.832" classname="webDriverQuestion.Question_5_CrossBrowserTesting"/>
  <testcase name="getWindowName" time="0.424" classname="webDriverQuestion.Question_5_CrossBrowserTesting"/>
  <testcase name="getCurrentURL" time="0.0" classname="webDriverQuestion.Question_5_CrossBrowserTesting">
    <ignored/>
  </testcase> <!-- getCurrentURL -->
</testsuite> <!-- ChromeTest -->
