<?xml version="1.0" encoding="UTF-8"?>
<!-- Generated by org.testng.reporters.JUnitXMLReporter -->
<testsuite hostname="ADMINIB-U0RGV7D" ignored="2" name="IETest" tests="1" failures="0" timestamp="11 May 2017 16:06:25 GMT" time="3.343" errors="0">
  <testcase name="getCurrentURL" time="3.339" classname="webDriverQuestion.Question_5_CrossBrowserTesting"/>
  <testcase name="getTitle" time="0.0" classname="webDriverQuestion.Question_5_CrossBrowserTesting">
    <ignored/>
  </testcase> <!-- getTitle -->
  <testcase name="getWindowName" time="0.0" classname="webDriverQuestion.Question_5_CrossBrowserTesting">
    <ignored/>
  </testcase> <!-- getWindowName -->
</testsuite> <!-- IETest -->
