<?xml version="1.0" encoding="UTF-8"?>
<testng-results skipped="0" failed="1" ignored="5" total="9" passed="3">
  <reporter-output>
  </reporter-output>
  <suite name="Suite" duration-ms="9696" started-at="2017-05-11T16:06:15Z" finished-at="2017-05-11T16:06:25Z">
    <groups>
      <group name="Functional">
        <method signature="Question_5_CrossBrowserTesting.getCurrentURL(java.lang.String)[pri:0, instance:webDriverQuestion.Question_5_CrossBrowserTesting@464bee09]" name="getCurrentURL" class="webDriverQuestion.Question_5_CrossBrowserTesting"/>
        <method signature="Question_5_CrossBrowserTesting.getCurrentURL(java.lang.String)[pri:0, instance:webDriverQuestion.Question_5_CrossBrowserTesting@598067a5]" name="getCurrentURL" class="webDriverQuestion.Question_5_CrossBrowserTesting"/>
      </group> <!-- Functional -->
      <group name="Regression">
        <method signature="Question_5_CrossBrowserTesting.getTitle(java.lang.String)[pri:0, instance:webDriverQuestion.Question_5_CrossBrowserTesting@66a3ffec]" name="getTitle" class="webDriverQuestion.Question_5_CrossBrowserTesting"/>
        <method signature="Question_5_CrossBrowserTesting.getWindowName(java.lang.String)[pri:0, instance:webDriverQuestion.Question_5_CrossBrowserTesting@66a3ffec]" name="getWindowName" class="webDriverQuestion.Question_5_CrossBrowserTesting"/>
      </group> <!-- Regression -->
    </groups>
    <test name="ChromeTest" duration-ms="6295" started-at="2017-05-11T16:06:15Z" finished-at="2017-05-11T16:06:21Z">
      <class name="webDriverQuestion.Question_5_CrossBrowserTesting">
        <test-method status="PASS" signature="getTitle(java.lang.String)[pri:0, instance:webDriverQuestion.Question_5_CrossBrowserTesting@66a3ffec]" name="getTitle" duration-ms="5832" started-at="2017-05-11T21:36:15Z" finished-at="2017-05-11T21:36:21Z">
          <params>
            <param index="0">
              <value>
                <![CDATA[Chrome]]>
              </value>
            </param>
          </params>
          <reporter-output>
          </reporter-output>
        </test-method> <!-- getTitle -->
        <test-method status="PASS" signature="getWindowName(java.lang.String)[pri:0, instance:webDriverQuestion.Question_5_CrossBrowserTesting@66a3ffec]" name="getWindowName" duration-ms="424" started-at="2017-05-11T21:36:21Z" finished-at="2017-05-11T21:36:21Z">
          <params>
            <param index="0">
              <value>
                <![CDATA[Chrome]]>
              </value>
            </param>
          </params>
          <reporter-output>
          </reporter-output>
        </test-method> <!-- getWindowName -->
      </class> <!-- webDriverQuestion.Question_5_CrossBrowserTesting -->
    </test> <!-- ChromeTest -->
    <test name="IETest" duration-ms="3343" started-at="2017-05-11T16:06:21Z" finished-at="2017-05-11T16:06:25Z">
      <class name="webDriverQuestion.Question_5_CrossBrowserTesting">
        <test-method status="PASS" signature="getCurrentURL(java.lang.String)[pri:0, instance:webDriverQuestion.Question_5_CrossBrowserTesting@464bee09]" name="getCurrentURL" duration-ms="3339" started-at="2017-05-11T21:36:21Z" finished-at="2017-05-11T21:36:25Z">
          <params>
            <param index="0">
              <value>
                <![CDATA[IE]]>
              </value>
            </param>
          </params>
          <reporter-output>
          </reporter-output>
        </test-method> <!-- getCurrentURL -->
      </class> <!-- webDriverQuestion.Question_5_CrossBrowserTesting -->
    </test> <!-- IETest -->
    <test name="Browser" duration-ms="8" started-at="2017-05-11T16:06:25Z" finished-at="2017-05-11T16:06:25Z">
      <class name="webDriverQuestion.Question_5_CrossBrowserTesting">
        <test-method status="FAIL" signature="getCurrentURL(java.lang.String)[pri:0, instance:webDriverQuestion.Question_5_CrossBrowserTesting@598067a5]" name="getCurrentURL" duration-ms="2" started-at="2017-05-11T21:36:25Z" finished-at="2017-05-11T21:36:25Z">
          <params>
            <param index="0">
              <value>
                <![CDATA[firefox]]>
              </value>
            </param>
          </params>
          <exception class="java.lang.NullPointerException">
            <full-stacktrace>
              <![CDATA[java.lang.NullPointerException
	at webDriverQuestion.Question_5_CrossBrowserTesting.getCurrentURL(Question_5_CrossBrowserTesting.java:30)
	at sun.reflect.NativeMethodAccessorImpl.invoke0(Native Method)
	at sun.reflect.NativeMethodAccessorImpl.invoke(NativeMethodAccessorImpl.java:62)
	at sun.reflect.DelegatingMethodAccessorImpl.invoke(DelegatingMethodAccessorImpl.java:43)
	at java.lang.reflect.Method.invoke(Method.java:498)
	at org.testng.internal.MethodInvocationHelper.invokeMethod(MethodInvocationHelper.java:108)
	at org.testng.internal.Invoker.invokeMethod(Invoker.java:661)
	at org.testng.internal.Invoker.invokeTestMethod(Invoker.java:869)
	at org.testng.internal.Invoker.invokeTestMethods(Invoker.java:1193)
	at org.testng.internal.TestMethodWorker.invokeTestMethods(TestMethodWorker.java:126)
	at org.testng.internal.TestMethodWorker.run(TestMethodWorker.java:109)
	at org.testng.TestRunner.privateRun(TestRunner.java:744)
	at org.testng.TestRunner.run(TestRunner.java:602)
	at org.testng.SuiteRunner.runTest(SuiteRunner.java:380)
	at org.testng.SuiteRunner.runSequentially(SuiteRunner.java:375)
	at org.testng.SuiteRunner.privateRun(SuiteRunner.java:340)
	at org.testng.SuiteRunner.run(SuiteRunner.java:289)
	at org.testng.SuiteRunnerWorker.runSuite(SuiteRunnerWorker.java:52)
	at org.testng.SuiteRunnerWorker.run(SuiteRunnerWorker.java:86)
	at org.testng.TestNG.runSuitesSequentially(TestNG.java:1301)
	at org.testng.TestNG.runSuitesLocally(TestNG.java:1226)
	at org.testng.TestNG.runSuites(TestNG.java:1144)
	at org.testng.TestNG.run(TestNG.java:1115)
	at org.testng.remote.AbstractRemoteTestNG.run(AbstractRemoteTestNG.java:132)
	at org.testng.remote.RemoteTestNG.initAndRun(RemoteTestNG.java:236)
	at org.testng.remote.RemoteTestNG.main(RemoteTestNG.java:81)
]]>
            </full-stacktrace>
          </exception> <!-- java.lang.NullPointerException -->
          <reporter-output>
          </reporter-output>
        </test-method> <!-- getCurrentURL -->
      </class> <!-- webDriverQuestion.Question_5_CrossBrowserTesting -->
    </test> <!-- Browser -->
  </suite> <!-- Suite -->
</testng-results>
